<?xml version="1.0" encoding="UTF-8"?>
<!-- Generated by org.testng.reporters.JUnitReportReporter -->
<testsuite hostname="Pratisthasharma" failures="0" tests="1" name="AutoSuggestive_Dropdown.addToCart" time="16.500" errors="0" timestamp="2021-09-30T14:26:49 IST" skipped="0">
  <testcase classname="AutoSuggestive_Dropdown.addToCart" name="addCart" time="16.500"/>
  <system-out/>
</testsuite> <!-- AutoSuggestive_Dropdown.addToCart -->
