<?xml version="1.0" encoding="UTF-8"?>
<!-- Generated by org.testng.reporters.JUnitReportReporter -->
<testsuite skipped="0" hostname="DESKTOP-NJ9D9LR" name="testngFiles.Annot2" tests="1" failures="0" timestamp="2020-01-12T01:18:20 IST" time="11.122" errors="0">
  <testcase name="Login" time="11.122" classname="testngFiles.Annot2"/>
</testsuite> <!-- testngFiles.Annot2 -->
