<?xml version="1.0" encoding="UTF-8"?>
<!-- Generated by org.testng.reporters.JUnitReportReporter -->
<testsuite hostname="Pratisthasharma" failures="0" tests="1" name="StoredProcedureTesting.SPTesting" time="0.106" errors="0" timestamp="2022-11-22T14:42:29 CET" skipped="0">
  <testcase classname="StoredProcedureTesting.SPTesting" name="test_get_order_by_cust" time="0.106"/>
  <system-out/>
</testsuite> <!-- StoredProcedureTesting.SPTesting -->
