<?xml version="1.0" encoding="UTF-8"?>
<!-- Generated by org.testng.reporters.JUnitReportReporter -->
<testsuite skipped="0" hostname="DESKTOP-NJ9D9LR" name="testpkg.testng2" tests="3" failures="0" timestamp="2020-01-06T01:50:58 IST" time="0.005" errors="0">
  <testcase name="Demo3" time="0.002" classname="testpkg.testng2"/>
  <testcase name="Demo5" time="0.002" classname="testpkg.testng2"/>
  <testcase name="Demo6" time="0.001" classname="testpkg.testng2"/>
</testsuite> <!-- testpkg.testng2 -->
