<?xml version="1.0" encoding="UTF-8"?>
<!-- Generated by org.testng.reporters.JUnitReportReporter -->
<testsuite skipped="1" hostname="DESKTOP-NJ9D9LR" name="testpkg.testng1" tests="6" failures="0" timestamp="2020-01-06T01:50:58 IST" time="0.039" errors="0">
  <testcase name="Demo1" time="0.014" classname="testpkg.testng1"/>
  <testcase name="Alpha" time="0.003" classname="testpkg.testng1"/>
  <testcase name="Demo2" time="0.004" classname="testpkg.testng1"/>
  <testcase name="timeOut" time="0.010" classname="testpkg.testng1"/>
  <testcase name="Demo0" time="0.008" classname="testpkg.testng1"/>
  <testcase name="Bug" classname="testpkg.testng1">
    <skipped/>
  </testcase> <!-- Bug -->
</testsuite> <!-- testpkg.testng1 -->
