<?xml version="1.0" encoding="UTF-8"?>
<!-- Generated by org.testng.reporters.JUnitReportReporter -->
<testsuite hostname="Pratisthasharma" failures="0" tests="1" name="com.AutoIt.fileUpload" time="17.551" errors="0" timestamp="2024-01-29T16:45:56 GST" skipped="0">
  <testcase classname="com.AutoIt.fileUpload" name="uploadFile" time="17.551"/>
</testsuite> <!-- com.AutoIt.fileUpload -->
