<?xml version="1.0" encoding="UTF-8"?>
<!-- Generated by org.testng.reporters.JUnitReportReporter -->
<testsuite skipped="0" hostname="DESKTOP-NJ9D9LR" name="Automation.EPR.login" tests="1" failures="0" timestamp="2022-05-19T01:32:02 IST" time="66.348" errors="0">
  <testcase name="loginEPR" time="66.348" classname="Automation.EPR.login"/>
  <system-out/>
</testsuite> <!-- Automation.EPR.login -->
