<?xml version="1.0" encoding="UTF-8"?>
<!-- Generated by org.testng.reporters.JUnitReportReporter -->
<testsuite skipped="0" hostname="DESKTOP-NJ9D9LR" name="Automation.EPR.scheduleAppointmentTest" tests="1" failures="0" timestamp="2022-06-15T01:23:54 IST" time="15.927" errors="0">
  <testcase name="openNewWindow" time="15.927" classname="Automation.EPR.scheduleAppointmentTest"/>
  <system-out/>
</testsuite> <!-- Automation.EPR.scheduleAppointmentTest -->
