<?xml version="1.0" encoding="UTF-8"?>
<!-- Generated by org.testng.reporters.JUnitReportReporter -->
<testsuite hostname="Pratisthasharma" failures="0" tests="1" name="Automation.EPR.login" time="67.991" errors="0" timestamp="2022-04-21T18:37:11 IST" skipped="0">
  <testcase classname="Automation.EPR.login" name="loginEPR" time="67.991"/>
  <system-out/>
</testsuite> <!-- Automation.EPR.login -->
