<?xml version="1.0" encoding="UTF-8"?>
<!-- Generated by org.testng.reporters.JUnitReportReporter -->
<testsuite hostname="Jitendrasingh" failures="0" tests="3" name="pack1.testwindow" time="72.142" errors="0" timestamp="2022-04-14T15:40:24 IST" skipped="0">
  <testcase classname="pack1.testwindow" name="executSessionThree" time="16.932"/>
  <system-out/>
  <testcase classname="pack1.testwindow" name="executSessionOne" time="17.486"/>
  <system-out/>
  <testcase classname="pack1.testwindow" name="executeSessionTwo" time="37.724"/>
  <system-out/>
</testsuite> <!-- pack1.testwindow -->
