<?xml version="1.0" encoding="UTF-8"?>
<!-- Generated by org.testng.reporters.JUnitReportReporter -->
<testsuite skipped="0" hostname="DESKTOP-NJ9D9LR" name="testcase.LoginApplication" tests="1" failures="0" timestamp="2020-04-13T00:35:15 IST" time="192.746" errors="0">
  <testcase name="Login" time="192.746" classname="testcase.LoginApplication"/>
</testsuite> <!-- testcase.LoginApplication -->
