<?xml version="1.0" encoding="UTF-8"?>
<!-- Generated by org.testng.reporters.JUnitReportReporter -->
<testsuite hostname="Pratisthasharma" failures="0" tests="2" name="com.MavenPractice.SubmitOrderTest" time="6.270" errors="0" timestamp="2024-01-16T11:34:04 GMT" skipped="0">
  <testcase classname="com.MavenPractice.SubmitOrderTest" name="submitOrder" time="5.829"/>
  <testcase classname="com.MavenPractice.SubmitOrderTest" name="orderHistory" time="0.441"/>
</testsuite> <!-- com.MavenPractice.SubmitOrderTest -->
