<?xml version="1.0" encoding="UTF-8"?>
<!-- Generated by org.testng.reporters.JUnitReportReporter -->
<testsuite hostname="Pratisthasharma" failures="0" tests="1" name="com.MavenPractice.ErroValidation" time="16.529" errors="0" timestamp="2023-12-26T07:19:47 GMT" skipped="0">
  <testcase classname="com.MavenPractice.ErroValidation" name="submitOrder" time="16.529"/>
</testsuite> <!-- com.MavenPractice.ErroValidation -->
