<?xml version="1.0" encoding="UTF-8"?>
<!-- Generated by org.testng.reporters.JUnitReportReporter -->
<testsuite hostname="Pratisthasharma" failures="0" tests="1" name="cucumber.TestNGTestRunner" time="19.519" errors="0" timestamp="2024-01-23T16:34:13 GST" skipped="0">
  <testcase classname="cucumber.TestNGTestRunner" name="runScenario" time="19.519"/>
</testsuite> <!-- cucumber.TestNGTestRunner -->
