<?xml version="1.0" encoding="UTF-8"?>
<!-- Generated by org.testng.reporters.JUnitReportReporter -->
<testsuite hostname="Pratisthasharma" failures="0" tests="1" name="Actions.Class.testAmericanGolf" time="48.185" errors="0" timestamp="2023-07-12T12:24:45 CEST" skipped="0">
  <testcase classname="Actions.Class.testAmericanGolf" name="americanGolf" time="48.185"/>
  <system-out/>
</testsuite> <!-- Actions.Class.testAmericanGolf -->
