<?xml version="1.0" encoding="UTF-8"?>
<!-- Generated by org.testng.reporters.JUnitReportReporter -->
<testsuite hostname="Pratisthasharma" failures="0" tests="1" name="fileupload.file_Upload" time="15.252" errors="0" timestamp="2022-02-09T19:27:43 IST" skipped="0">
  <testcase classname="fileupload.file_Upload" name="uploadFile" time="15.252"/>
  <system-out/>
</testsuite> <!-- fileupload.file_Upload -->
