<?xml version="1.0" encoding="UTF-8"?>
<!-- Generated by org.testng.reporters.JUnitReportReporter -->
<testsuite hostname="DESKTOP-NJ9D9LR" name="AutoSuggestive_Dropdown" tests="1" failures="0" timestamp="26 Sep 2021 13:47:02 GMT" time="44.581" errors="0">
  <testcase name="makemytrip" time="44.581" classname="AutoSuggestive_Dropdown"/>
</testsuite> <!-- AutoSuggestive_Dropdown -->
