<?xml version="1.0" encoding="UTF-8"?>
<!-- Generated by org.testng.reporters.JUnitReportReporter -->
<testsuite hostname="DESKTOP-NJ9D9LR" name="addToCart2" tests="1" failures="0" timestamp="30 Sep 2021 18:24:27 GMT" time="16.832" errors="0">
  <testcase name="addCart" time="16.832" classname="addToCart2"/>
</testsuite> <!-- addToCart2 -->
