<?xml version="1.0" encoding="UTF-8"?>
<!-- Generated by org.testng.reporters.JUnitReportReporter -->
<testsuite hostname="DESKTOP-NJ9D9LR" name="XLReadWebsite.XLReadWebsite" tests="4" failures="0" timestamp="7 Sep 2020 18:54:09 GMT" time="3.380" errors="0">
  <testcase name="registerPage" time="0.674" classname="XLReadWebsite.XLReadWebsite"/>
  <testcase name="registerPage" time="0.761" classname="XLReadWebsite.XLReadWebsite"/>
  <testcase name="registerPage" time="0.946" classname="XLReadWebsite.XLReadWebsite"/>
  <testcase name="registerPage" time="0.999" classname="XLReadWebsite.XLReadWebsite"/>
</testsuite> <!-- XLReadWebsite.XLReadWebsite -->
