<?xml version="1.0" encoding="UTF-8"?>
<!-- Generated by org.testng.reporters.JUnitReportReporter -->
<testsuite hostname="Pratisthasharma" failures="0" tests="2" name="com.MavenPractice.SubmitOrderTest" time="7.375" errors="0" timestamp="2024-01-15T13:22:45 GMT" skipped="0">
  <testcase classname="com.MavenPractice.SubmitOrderTest" name="submitOrder" time="7.108"/>
  <testcase classname="com.MavenPractice.SubmitOrderTest" name="orderHistory" time="0.267"/>
</testsuite> <!-- com.MavenPractice.SubmitOrderTest -->
