<?xml version="1.0" encoding="UTF-8"?>
<!-- Generated by org.testng.reporters.JUnitReportReporter -->
<testsuite skipped="0" hostname="DESKTOP-NJ9D9LR" name="Stream.Stream1" tests="1" failures="0" timestamp="2021-11-08T00:07:41 IST" time="1.014" errors="0">
  <testcase name="stream" time="1.014" classname="Stream.Stream1"/>
</testsuite> <!-- Stream.Stream1 -->
