<?xml version="1.0" encoding="UTF-8"?>
<!-- Generated by org.testng.reporters.JUnitReportReporter -->
<testsuite skipped="0" hostname="DESKTOP-NJ9D9LR" name="EndToEnd.HomePage" tests="2" failures="0" timestamp="2022-01-19T00:31:30 IST" time="55.359" errors="0">
  <testcase name="HomepageNavigation" time="40.763" classname="EndToEnd.HomePage"/>
  <system-out/>
  <testcase name="HomepageNavigation" time="14.596" classname="EndToEnd.HomePage"/>
  <system-out/>
</testsuite> <!-- EndToEnd.HomePage -->
