<?xml version="1.0" encoding="UTF-8"?>
<!-- Generated by org.testng.reporters.JUnitReportReporter -->
<testsuite skipped="0" hostname="DESKTOP-NJ9D9LR" name="EndToEnd.HomePage" tests="2" failures="0" timestamp="2022-01-24T00:18:19 IST" time="32.052" errors="0">
  <testcase name="HomepageNavigation" time="17.354" classname="EndToEnd.HomePage"/>
  <system-out/>
  <testcase name="HomepageNavigation" time="14.698" classname="EndToEnd.HomePage"/>
  <system-out/>
</testsuite> <!-- EndToEnd.HomePage -->
