<?xml version="1.0" encoding="UTF-8"?>
<!-- Generated by org.testng.reporters.JUnitReportReporter -->
<testsuite skipped="0" hostname="DESKTOP-NJ9D9LR" name="EndToEnd.HomePage" tests="1" failures="0" timestamp="2021-12-12T21:09:04 IST" time="15.140" errors="0">
  <testcase name="HomepageNavigation" time="15.140" classname="EndToEnd.HomePage"/>
  <system-out/>
</testsuite> <!-- EndToEnd.HomePage -->
