<?xml version="1.0" encoding="UTF-8"?>
<!-- Generated by org.testng.reporters.JUnitReportReporter -->
<testsuite hostname="Prakhar" failures="0" tests="1" name="com.SurplusGyTestCases.checkoutTest" time="0.002" errors="0" timestamp="2024-09-01T01:10:27 IST" skipped="0">
  <testcase classname="com.SurplusGyTestCases.checkoutTest" name="checkoutPage" time="0.002"/>
</testsuite> <!-- com.SurplusGyTestCases.checkoutTest -->
