<?xml version="1.0" encoding="UTF-8"?>
<!-- Generated by org.testng.reporters.JUnitReportReporter -->
<testsuite skipped="0" hostname="DESKTOP-NJ9D9LR" name="reportsPkg.ExtentReports.reportsDemo" tests="1" failures="0" timestamp="2020-06-11T00:06:44 IST" time="20.057" errors="0">
  <testcase name="initialDemo" time="20.057" classname="reportsPkg.ExtentReports.reportsDemo"/>
  <system-out/>
</testsuite> <!-- reportsPkg.ExtentReports.reportsDemo -->
